<?xml version="1.0" encoding="UTF-8"?>
<!-- Generated by org.testng.reporters.JUnitReportReporter -->
<testsuite hostname="LAPTOP-IP00DK1I" failures="0" tests="6" name="test.TC_003Login" time="26.703" errors="0" timestamp="2025-04-02T20:28:11 IST" skipped="0">
  <testcase classname="test.TC_003Login" name="userRegistration" time="5.261"/>
  <testcase classname="test.TC_003Login" name="userRegistration" time="4.717"/>
  <testcase classname="test.TC_003Login" name="userRegistration" time="4.730"/>
  <testcase classname="test.TC_003Login" name="userRegistration" time="3.968"/>
  <testcase classname="test.TC_003Login" name="userRegistration" time="3.825"/>
  <testcase classname="test.TC_003Login" name="userRegistration" time="4.202"/>
</testsuite> <!-- test.TC_003Login -->
