<?xml version="1.0" encoding="UTF-8"?>
<!-- Generated by org.testng.reporters.JUnitReportReporter -->
<testsuite hostname="LAPTOP-IP00DK1I" failures="0" tests="3" name="test.TC_004ForgotPassword" time="30.448" errors="0" timestamp="2025-04-02T20:28:11 IST" skipped="0">
  <testcase classname="test.TC_004ForgotPassword" name="ForgotpasswordTest" time="6.441"/>
  <testcase classname="test.TC_004ForgotPassword" name="ForgotpasswordTest" time="11.389"/>
  <testcase classname="test.TC_004ForgotPassword" name="ForgotpasswordTest" time="12.618"/>
</testsuite> <!-- test.TC_004ForgotPassword -->
