<?xml version="1.0" encoding="UTF-8"?>
<!-- Generated by org.testng.reporters.JUnitReportReporter -->
<testsuite hostname="LAPTOP-IP00DK1I" failures="0" tests="8" name="test.TC_006BookingHotel" time="78.139" errors="0" timestamp="2025-04-02T20:28:11 IST" skipped="0">
  <testcase classname="test.TC_006BookingHotel" name="booking" time="9.612"/>
  <testcase classname="test.TC_006BookingHotel" name="booking" time="10.236"/>
  <testcase classname="test.TC_006BookingHotel" name="booking" time="11.163"/>
  <testcase classname="test.TC_006BookingHotel" name="booking" time="13.201"/>
  <testcase classname="test.TC_006BookingHotel" name="booking" time="9.670"/>
  <testcase classname="test.TC_006BookingHotel" name="booking" time="9.025"/>
  <testcase classname="test.TC_006BookingHotel" name="booking" time="8.129"/>
  <testcase classname="test.TC_006BookingHotel" name="booking" time="7.103"/>
</testsuite> <!-- test.TC_006BookingHotel -->
