<?xml version="1.0" encoding="UTF-8"?>
<!-- Generated by org.testng.reporters.JUnitReportReporter -->
<testsuite hostname="LAPTOP-IP00DK1I" failures="0" tests="1" name="test.TC_002ResetData" time="4.843" errors="0" timestamp="2025-04-02T20:28:11 IST" skipped="0">
  <testcase classname="test.TC_002ResetData" name="userRegistration" time="4.843"/>
</testsuite> <!-- test.TC_002ResetData -->
