<?xml version="1.0" encoding="UTF-8"?>
<!-- Generated by org.testng.reporters.JUnitReportReporter -->
<testsuite hostname="LAPTOP-IP00DK1I" failures="0" tests="9" name="test.TC_005SearchHotel" time="62.519" errors="0" timestamp="2025-04-02T20:28:11 IST" skipped="0">
  <testcase classname="test.TC_005SearchHotel" name="SeachHotelTest" time="6.092"/>
  <testcase classname="test.TC_005SearchHotel" name="SeachHotelTest" time="6.788"/>
  <testcase classname="test.TC_005SearchHotel" name="SeachHotelTest" time="5.367"/>
  <testcase classname="test.TC_005SearchHotel" name="SeachHotelTest" time="7.726"/>
  <testcase classname="test.TC_005SearchHotel" name="SeachHotelTest" time="5.921"/>
  <testcase classname="test.TC_005SearchHotel" name="SeachHotelTest" time="9.101"/>
  <testcase classname="test.TC_005SearchHotel" name="SeachHotelTest" time="6.853"/>
  <testcase classname="test.TC_005SearchHotel" name="SeachHotelTest" time="6.140"/>
  <testcase classname="test.TC_005SearchHotel" name="SeachHotelTest" time="8.531"/>
</testsuite> <!-- test.TC_005SearchHotel -->
