<?xml version="1.0" encoding="UTF-8"?>
<!-- Generated by org.testng.reporters.JUnitReportReporter -->
<testsuite hostname="LAPTOP-IP00DK1I" failures="0" tests="1" name="test.TC_007BookItinerary" time="82.984" errors="0" timestamp="2025-04-02T20:28:11 IST" skipped="0">
  <testcase classname="test.TC_007BookItinerary" name="booking" time="82.984"/>
</testsuite> <!-- test.TC_007BookItinerary -->
