<?xml version="1.0" encoding="UTF-8"?>
<!-- Generated by org.testng.reporters.JUnitReportReporter -->
<testsuite hostname="LAPTOP-IP00DK1I" failures="0" tests="9" name="test.TC_005SearchHotel" time="48.931" errors="0" timestamp="2025-04-02T23:31:02 IST" skipped="0">
  <testcase classname="test.TC_005SearchHotel" name="SeachHotelTest" time="5.238"/>
  <testcase classname="test.TC_005SearchHotel" name="SeachHotelTest" time="5.222"/>
  <testcase classname="test.TC_005SearchHotel" name="SeachHotelTest" time="5.283"/>
  <testcase classname="test.TC_005SearchHotel" name="SeachHotelTest" time="5.574"/>
  <testcase classname="test.TC_005SearchHotel" name="SeachHotelTest" time="5.249"/>
  <testcase classname="test.TC_005SearchHotel" name="SeachHotelTest" time="5.387"/>
  <testcase classname="test.TC_005SearchHotel" name="SeachHotelTest" time="5.556"/>
  <testcase classname="test.TC_005SearchHotel" name="SeachHotelTest" time="5.704"/>
  <testcase classname="test.TC_005SearchHotel" name="SeachHotelTest" time="5.718"/>
</testsuite> <!-- test.TC_005SearchHotel -->
