<?xml version="1.0" encoding="UTF-8"?>
<!-- Generated by org.testng.reporters.JUnitReportReporter -->
<testsuite hostname="LAPTOP-IP00DK1I" failures="0" tests="6" name="test.TC_003Login" time="27.030" errors="0" timestamp="2025-04-02T23:31:02 IST" skipped="0">
  <testcase classname="test.TC_003Login" name="userRegistration" time="3.711"/>
  <testcase classname="test.TC_003Login" name="userRegistration" time="4.679"/>
  <testcase classname="test.TC_003Login" name="userRegistration" time="4.892"/>
  <testcase classname="test.TC_003Login" name="userRegistration" time="5.770"/>
  <testcase classname="test.TC_003Login" name="userRegistration" time="4.523"/>
  <testcase classname="test.TC_003Login" name="userRegistration" time="3.455"/>
</testsuite> <!-- test.TC_003Login -->
