<?xml version="1.0" encoding="UTF-8"?>
<!-- Generated by org.testng.reporters.JUnitReportReporter -->
<testsuite hostname="LAPTOP-IP00DK1I" failures="0" tests="6" name="test.TC_003Login" time="22.565" errors="0" timestamp="2025-04-02T22:51:56 IST" skipped="0">
  <testcase classname="test.TC_003Login" name="userRegistration" time="5.227"/>
  <testcase classname="test.TC_003Login" name="userRegistration" time="4.026"/>
  <testcase classname="test.TC_003Login" name="userRegistration" time="3.465"/>
  <testcase classname="test.TC_003Login" name="userRegistration" time="2.910"/>
  <testcase classname="test.TC_003Login" name="userRegistration" time="3.138"/>
  <testcase classname="test.TC_003Login" name="userRegistration" time="3.799"/>
</testsuite> <!-- test.TC_003Login -->
