<?xml version="1.0" encoding="UTF-8"?>
<!-- Generated by org.testng.reporters.JUnitReportReporter -->
<testsuite hostname="LAPTOP-IP00DK1I" failures="0" tests="8" name="test.TC_006BookingHotel" time="73.199" errors="0" timestamp="2025-04-02T23:31:02 IST" skipped="0">
  <testcase classname="test.TC_006BookingHotel" name="booking" time="7.753"/>
  <testcase classname="test.TC_006BookingHotel" name="booking" time="16.022"/>
  <testcase classname="test.TC_006BookingHotel" name="booking" time="7.603"/>
  <testcase classname="test.TC_006BookingHotel" name="booking" time="6.843"/>
  <testcase classname="test.TC_006BookingHotel" name="booking" time="7.352"/>
  <testcase classname="test.TC_006BookingHotel" name="booking" time="12.512"/>
  <testcase classname="test.TC_006BookingHotel" name="booking" time="6.665"/>
  <testcase classname="test.TC_006BookingHotel" name="booking" time="8.449"/>
</testsuite> <!-- test.TC_006BookingHotel -->
