<?xml version="1.0" encoding="UTF-8"?>
<!-- Generated by org.testng.reporters.JUnitReportReporter -->
<testsuite hostname="LAPTOP-IP00DK1I" failures="0" tests="1" name="test.TC_007BookItinerary" time="110.556" errors="0" timestamp="2025-04-02T23:31:02 IST" skipped="0">
  <testcase classname="test.TC_007BookItinerary" name="booking" time="110.556"/>
</testsuite> <!-- test.TC_007BookItinerary -->
